<?xml version="1.0" encoding="UTF-8"?>
<!-- Generated by org.testng.reporters.JUnitReportReporter -->
<testsuite skipped="0" hostname="DESKTOP-B5Q1B7A" name="com.abc.testcasespages1234.Loginpagetestcases1234" tests="2" failures="0" timestamp="2022-04-23T22:40:07 IST" time="8.601" errors="0">
  <testcase name="Invalidcred" time="3.310" classname="com.abc.testcasespages1234.Loginpagetestcases1234"/>
  <system-out/>
  <testcase name="Validcred" time="5.291" classname="com.abc.testcasespages1234.Loginpagetestcases1234"/>
  <system-out/>
</testsuite> <!-- com.abc.testcasespages1234.Loginpagetestcases1234 -->
